<?xml version="1.0" encoding="UTF-8"?>
<testsuite xmlns:xsi="http://www.w3.org/2001/XMLSchema-instance" xsi:noNamespaceSchemaLocation="https://maven.apache.org/surefire/maven-surefire-plugin/xsd/surefire-test-report.xsd" name="TestSuite" time="655.161" tests="38" errors="0" skipped="9" failures="7">
  <properties>
[...]
</properties>
  <testcase name="verifypagetextTest" classname="com.zoho.qa.testcases.ContactSalesPageTest" time="0.134"/>
  <testcase name="containtclickTest" classname="com.zoho.qa.testcases.ContactSalesPageTest" time="0.078"/>
  <testcase name="verifypBoxTest" classname="com.zoho.qa.testcases.ContactSalesPageTest" time="0.068">
    <failure message="Box missing on the page. expected [true] but found [false]" type="java.lang.AssertionError">java.lang.AssertionError: Box missing on the page. expected [true] but found [false]
	at com.zoho.qa.testcases.ContactSalesPageTest.verifypBoxTest(ContactSalesPageTest.java:48)
</failure>
    <system-err><![CDATA[Starting ChromeDriver 104.0.5112.79 (3cf3e8c8a07d104b9e1260c910efb8f383285dc5-refs/branch-heads/5112@{#1307}) on port 55163
Only local connections are allowed.
Please see https://chromedriver.chromium.org/security-considerations for suggestions on keeping ChromeDriver safe.
ChromeDriver was started successfully.
Aug 30, 2022 3:33:01 PM org.openqa.selenium.remote.ProtocolHandshake createSession
INFO: Detected upstream dialect: W3C
Aug 30, 2022 3:33:01 PM org.openqa.selenium.devtools.CdpVersionFinder findNearestMatch
WARNING: Unable to find an exact match for CDP version 104, so returning the closest version found: 102
Aug 30, 2022 3:33:01 PM org.openqa.selenium.devtools.CdpVersionFinder findNearestMatch
INFO: Found CDP implementation for version 104 of 102
]]></system-err>
  </testcase>
  <testcase name="verifyProjectsLabelTest" classname="com.zoho.qa.testcases.CustomersPageTest" time="0.033"/>
  <testcase name="selectProjectstablTest" classname="com.zoho.qa.testcases.CustomersPageTest" time="0.03">
    <failure message="no such element: Unable to locate element: {&quot;method&quot;:&quot;xpath&quot;,&quot;selector&quot;:&quot;//li[@id=&apos;Automobile&apos;]&quot;}&#10;  (Session info: chrome=104.0.5112.102)&#10;For documentation on this error, please visit: https://selenium.dev/exceptions/#no_such_element&#10;Build info: version: &apos;4.2.2&apos;, revision: &apos;683ccb65d6&apos;&#10;System info: host: &apos;BCV-DT-028&apos;, ip: &apos;192.168.1.38&apos;, os.name: &apos;Windows 10&apos;, os.arch: &apos;amd64&apos;, os.version: &apos;10.0&apos;, java.version: &apos;11.0.14&apos;&#10;Driver info: org.openqa.selenium.chrome.ChromeDriver&#10;Command: [60b797533fa8c0b1f1ce395a0268e5f2, findElement {using=xpath, value=//li[@id=&apos;Automobile&apos;]}]&#10;Capabilities {acceptInsecureCerts: false, browserName: chrome, browserVersion: 104.0.5112.102, chrome: {chromedriverVersion: 104.0.5112.79 (3cf3e8c8a07d..., userDataDir: C:\Users\YASHAN~1.SUD\AppDa...}, goog:chromeOptions: {debuggerAddress: localhost:56750}, networkConnectionEnabled: false, pageLoadStrategy: normal, platformName: WINDOWS, proxy: Proxy(), se:cdp: ws://localhost:56750/devtoo..., se:cdpVersion: 104.0.5112.102, setWindowRect: true, strictFileInteractability: false, timeouts: {implicit: 0, pageLoad: 300000, script: 30000}, unhandledPromptBehavior: dismiss and notify, webauthn:extension:credBlob: true, webauthn:extension:largeBlob: true, webauthn:virtualAuthenticators: true}&#10;Session ID: 60b797533fa8c0b1f1ce395a0268e5f2" type="org.openqa.selenium.NoSuchElementException">org.openqa.selenium.NoSuchElementException: 
no such element: Unable to locate element: {"method":"xpath","selector":"//li[@id='Automobile']"}
  (Session info: chrome=104.0.5112.102)
For documentation on this error, please visit: https://selenium.dev/exceptions/#no_such_element
Build info: version: '4.2.2', revision: '683ccb65d6'
System info: host: 'BCV-DT-028', ip: '192.168.1.38', os.name: 'Windows 10', os.arch: 'amd64', os.version: '10.0', java.version: '11.0.14'
Driver info: org.openqa.selenium.chrome.ChromeDriver
Command: [60b797533fa8c0b1f1ce395a0268e5f2, findElement {using=xpath, value=//li[@id='Automobile']}]
Capabilities {acceptInsecureCerts: false, browserName: chrome, browserVersion: 104.0.5112.102, chrome: {chromedriverVersion: 104.0.5112.79 (3cf3e8c8a07d..., userDataDir: C:\Users\YASHAN~1.SUD\AppDa...}, goog:chromeOptions: {debuggerAddress: localhost:56750}, networkConnectionEnabled: false, pageLoadStrategy: normal, platformName: WINDOWS, proxy: Proxy(), se:cdp: ws://localhost:56750/devtoo..., se:cdpVersion: 104.0.5112.102, setWindowRect: true, strictFileInteractability: false, timeouts: {implicit: 0, pageLoad: 300000, script: 30000}, unhandledPromptBehavior: dismiss and notify, webauthn:extension:credBlob: true, webauthn:extension:largeBlob: true, webauthn:virtualAuthenticators: true}
Session ID: 60b797533fa8c0b1f1ce395a0268e5f2
	at com.zoho.qa.testcases.CustomersPageTest.selectProjectstablTest(CustomersPageTest.java:44)
</failure>
    <system-err><![CDATA[Starting ChromeDriver 104.0.5112.79 (3cf3e8c8a07d104b9e1260c910efb8f383285dc5-refs/branch-heads/5112@{#1307}) on port 52618
Only local connections are allowed.
Please see https://chromedriver.chromium.org/security-considerations for suggestions on keeping ChromeDriver safe.
ChromeDriver was started successfully.
Aug 30, 2022 3:33:17 PM org.openqa.selenium.remote.ProtocolHandshake createSession
INFO: Detected upstream dialect: W3C
Aug 30, 2022 3:33:17 PM org.openqa.selenium.devtools.CdpVersionFinder findNearestMatch
WARNING: Unable to find an exact match for CDP version 104, so returning the closest version found: 102
Aug 30, 2022 3:33:17 PM org.openqa.selenium.devtools.CdpVersionFinder findNearestMatch
INFO: Found CDP implementation for version 104 of 102
]]></system-err>
  </testcase>
  <testcase name="validateclickonlanguageTest" classname="com.zoho.qa.testcases.LandingPageTest" time="0.022">
    <failure message="java.lang.reflect.InvocationTargetException&#10;Build info: version: &apos;4.2.2&apos;, revision: &apos;683ccb65d6&apos;&#10;System info: host: &apos;BCV-DT-028&apos;, ip: &apos;192.168.1.38&apos;, os.name: &apos;Windows 10&apos;, os.arch: &apos;amd64&apos;, os.version: &apos;10.0&apos;, java.version: &apos;11.0.14&apos;&#10;Driver info: org.openqa.selenium.chrome.ChromeDriver&#10;Command: [7ebcdf00a3983c496b7e4df06e0fe0aa, actions {actions=[org.openqa.selenium.interactions.Sequence@5ef6fd7f]}]&#10;Capabilities {acceptInsecureCerts: false, browserName: chrome, browserVersion: 104.0.5112.102, chrome: {chromedriverVersion: 104.0.5112.79 (3cf3e8c8a07d..., userDataDir: C:\Users\YASHAN~1.SUD\AppDa...}, goog:chromeOptions: {debuggerAddress: localhost:56797}, networkConnectionEnabled: false, pageLoadStrategy: normal, platformName: WINDOWS, proxy: Proxy(), se:cdp: ws://localhost:56797/devtoo..., se:cdpVersion: 104.0.5112.102, setWindowRect: true, strictFileInteractability: false, timeouts: {implicit: 0, pageLoad: 300000, script: 30000}, unhandledPromptBehavior: dismiss and notify, webauthn:extension:credBlob: true, webauthn:extension:largeBlob: true, webauthn:virtualAuthenticators: true}&#10;Session ID: 7ebcdf00a3983c496b7e4df06e0fe0aa" type="org.openqa.selenium.json.JsonException">org.openqa.selenium.json.JsonException: 
java.lang.reflect.InvocationTargetException
Build info: version: '4.2.2', revision: '683ccb65d6'
System info: host: 'BCV-DT-028', ip: '192.168.1.38', os.name: 'Windows 10', os.arch: 'amd64', os.version: '10.0', java.version: '11.0.14'
Driver info: org.openqa.selenium.chrome.ChromeDriver
Command: [7ebcdf00a3983c496b7e4df06e0fe0aa, actions {actions=[org.openqa.selenium.interactions.Sequence@5ef6fd7f]}]
Capabilities {acceptInsecureCerts: false, browserName: chrome, browserVersion: 104.0.5112.102, chrome: {chromedriverVersion: 104.0.5112.79 (3cf3e8c8a07d..., userDataDir: C:\Users\YASHAN~1.SUD\AppDa...}, goog:chromeOptions: {debuggerAddress: localhost:56797}, networkConnectionEnabled: false, pageLoadStrategy: normal, platformName: WINDOWS, proxy: Proxy(), se:cdp: ws://localhost:56797/devtoo..., se:cdpVersion: 104.0.5112.102, setWindowRect: true, strictFileInteractability: false, timeouts: {implicit: 0, pageLoad: 300000, script: 30000}, unhandledPromptBehavior: dismiss and notify, webauthn:extension:credBlob: true, webauthn:extension:largeBlob: true, webauthn:virtualAuthenticators: true}
Session ID: 7ebcdf00a3983c496b7e4df06e0fe0aa
	at com.zoho.qa.testcases.LandingPageTest.validateclickonlanguageTest(LandingPageTest.java:77)
Caused by: java.lang.reflect.InvocationTargetException
	at com.zoho.qa.testcases.LandingPageTest.validateclickonlanguageTest(LandingPageTest.java:77)
Caused by: org.openqa.selenium.NoSuchElementException: 
no such element: Unable to locate element: {"method":"xpath","selector":"//span[@xpath='1']"}
  (Session info: chrome=104.0.5112.102)
For documentation on this error, please visit: https://selenium.dev/exceptions/#no_such_element
Build info: version: '4.2.2', revision: '683ccb65d6'
System info: host: 'BCV-DT-028', ip: '192.168.1.38', os.name: 'Windows 10', os.arch: 'amd64', os.version: '10.0', java.version: '11.0.14'
Driver info: org.openqa.selenium.chrome.ChromeDriver
Command: [7ebcdf00a3983c496b7e4df06e0fe0aa, findElement {using=xpath, value=//span[@xpath='1']}]
Capabilities {acceptInsecureCerts: false, browserName: chrome, browserVersion: 104.0.5112.102, chrome: {chromedriverVersion: 104.0.5112.79 (3cf3e8c8a07d..., userDataDir: C:\Users\YASHAN~1.SUD\AppDa...}, goog:chromeOptions: {debuggerAddress: localhost:56797}, networkConnectionEnabled: false, pageLoadStrategy: normal, platformName: WINDOWS, proxy: Proxy(), se:cdp: ws://localhost:56797/devtoo..., se:cdpVersion: 104.0.5112.102, setWindowRect: true, strictFileInteractability: false, timeouts: {implicit: 0, pageLoad: 300000, script: 30000}, unhandledPromptBehavior: dismiss and notify, webauthn:extension:credBlob: true, webauthn:extension:largeBlob: true, webauthn:virtualAuthenticators: true}
Session ID: 7ebcdf00a3983c496b7e4df06e0fe0aa
	at com.zoho.qa.testcases.LandingPageTest.validateclickonlanguageTest(LandingPageTest.java:77)
</failure>
    <system-err><![CDATA[Starting ChromeDriver 104.0.5112.79 (3cf3e8c8a07d104b9e1260c910efb8f383285dc5-refs/branch-heads/5112@{#1307}) on port 57684
Only local connections are allowed.
Please see https://chromedriver.chromium.org/security-considerations for suggestions on keeping ChromeDriver safe.
ChromeDriver was started successfully.
Aug 30, 2022 3:33:25 PM org.openqa.selenium.remote.ProtocolHandshake createSession
INFO: Detected upstream dialect: W3C
Aug 30, 2022 3:33:25 PM org.openqa.selenium.devtools.CdpVersionFinder findNearestMatch
WARNING: Unable to find an exact match for CDP version 104, so returning the closest version found: 102
Aug 30, 2022 3:33:25 PM org.openqa.selenium.devtools.CdpVersionFinder findNearestMatch
INFO: Found CDP implementation for version 104 of 102
]]></system-err>
  </testcase>
  <testcase name="verifyLandingPageTitleTest" classname="com.zoho.qa.testcases.LandingPageTest" time="0.007"/>
  <testcase name="zohologoTest" classname="com.zoho.qa.testcases.LandingPageTest" time="0.029"/>
  <testcase name="validatesearchLinkTest" classname="com.zoho.qa.testcases.LandingPageTest" time="0.046"/>
  <testcase name="verifyCustomersLinkTest" classname="com.zoho.qa.testcases.LandingPageTest" time="1.244"/>
  <testcase name="verifySupportLinkTest" classname="com.zoho.qa.testcases.LandingPageTest" time="0.077"/>
  <testcase name="verifyContactSalesLinkTest" classname="com.zoho.qa.testcases.LandingPageTest" time="1.227"/>
  <testcase name="verifySigninLinkTest" classname="com.zoho.qa.testcases.LandingPageTest" time="0.863"/>
  <testcase name="verifyFreeSignUpLinkTest" classname="com.zoho.qa.testcases.LandingPageTest" time="2.064"/>
  <testcase name="validateSigninPageTitleTest" classname="com.zoho.qa.testcases.SigninPageTest" time="0.006"/>
  <testcase name="validatesignupimgTest" classname="com.zoho.qa.testcases.SigninPageTest" time="0.02">
    <failure message="no such element: Unable to locate element: {&quot;method&quot;:&quot;xpath&quot;,&quot;selector&quot;:&quot;//div[@class=&apos;overlapBanner&apos;]&quot;}&#10;  (Session info: chrome=104.0.5112.102)&#10;For documentation on this error, please visit: https://selenium.dev/exceptions/#no_such_element&#10;Build info: version: &apos;4.2.2&apos;, revision: &apos;683ccb65d6&apos;&#10;System info: host: &apos;BCV-DT-028&apos;, ip: &apos;192.168.1.38&apos;, os.name: &apos;Windows 10&apos;, os.arch: &apos;amd64&apos;, os.version: &apos;10.0&apos;, java.version: &apos;11.0.14&apos;&#10;Driver info: org.openqa.selenium.chrome.ChromeDriver&#10;Command: [59415fac062c7ef62602c71417bc46c6, findElement {using=xpath, value=//div[@class=&apos;overlapBanner&apos;]}]&#10;Capabilities {acceptInsecureCerts: false, browserName: chrome, browserVersion: 104.0.5112.102, chrome: {chromedriverVersion: 104.0.5112.79 (3cf3e8c8a07d..., userDataDir: C:\Users\YASHAN~1.SUD\AppDa...}, goog:chromeOptions: {debuggerAddress: localhost:57232}, networkConnectionEnabled: false, pageLoadStrategy: normal, platformName: WINDOWS, proxy: Proxy(), se:cdp: ws://localhost:57232/devtoo..., se:cdpVersion: 104.0.5112.102, setWindowRect: true, strictFileInteractability: false, timeouts: {implicit: 0, pageLoad: 300000, script: 30000}, unhandledPromptBehavior: dismiss and notify, webauthn:extension:credBlob: true, webauthn:extension:largeBlob: true, webauthn:virtualAuthenticators: true}&#10;Session ID: 59415fac062c7ef62602c71417bc46c6" type="org.openqa.selenium.NoSuchElementException">org.openqa.selenium.NoSuchElementException: 
no such element: Unable to locate element: {"method":"xpath","selector":"//div[@class='overlapBanner']"}
  (Session info: chrome=104.0.5112.102)
For documentation on this error, please visit: https://selenium.dev/exceptions/#no_such_element
Build info: version: '4.2.2', revision: '683ccb65d6'
System info: host: 'BCV-DT-028', ip: '192.168.1.38', os.name: 'Windows 10', os.arch: 'amd64', os.version: '10.0', java.version: '11.0.14'
Driver info: org.openqa.selenium.chrome.ChromeDriver
Command: [59415fac062c7ef62602c71417bc46c6, findElement {using=xpath, value=//div[@class='overlapBanner']}]
Capabilities {acceptInsecureCerts: false, browserName: chrome, browserVersion: 104.0.5112.102, chrome: {chromedriverVersion: 104.0.5112.79 (3cf3e8c8a07d..., userDataDir: C:\Users\YASHAN~1.SUD\AppDa...}, goog:chromeOptions: {debuggerAddress: localhost:57232}, networkConnectionEnabled: false, pageLoadStrategy: normal, platformName: WINDOWS, proxy: Proxy(), se:cdp: ws://localhost:57232/devtoo..., se:cdpVersion: 104.0.5112.102, setWindowRect: true, strictFileInteractability: false, timeouts: {implicit: 0, pageLoad: 300000, script: 30000}, unhandledPromptBehavior: dismiss and notify, webauthn:extension:credBlob: true, webauthn:extension:largeBlob: true, webauthn:virtualAuthenticators: true}
Session ID: 59415fac062c7ef62602c71417bc46c6
	at com.zoho.qa.testcases.SigninPageTest.validatesignupimgTest(SigninPageTest.java:41)
</failure>
    <system-err><![CDATA[Starting ChromeDriver 104.0.5112.79 (3cf3e8c8a07d104b9e1260c910efb8f383285dc5-refs/branch-heads/5112@{#1307}) on port 53936
Only local connections are allowed.
Please see https://chromedriver.chromium.org/security-considerations for suggestions on keeping ChromeDriver safe.
ChromeDriver was started successfully.
Aug 30, 2022 3:34:28 PM org.openqa.selenium.remote.ProtocolHandshake createSession
INFO: Detected upstream dialect: W3C
Aug 30, 2022 3:34:28 PM org.openqa.selenium.devtools.CdpVersionFinder findNearestMatch
WARNING: Unable to find an exact match for CDP version 104, so returning the closest version found: 102
Aug 30, 2022 3:34:28 PM org.openqa.selenium.devtools.CdpVersionFinder findNearestMatch
INFO: Found CDP implementation for version 104 of 102
]]></system-err>
  </testcase>
  <testcase name="loginTest" classname="com.zoho.qa.testcases.SigninPageTest" time="0.335"/>
  <testcase name="verifysupportlinktextTest" classname="com.zoho.qa.testcases.SupportPageTest" time="13.279"/>
  <testcase name="clickonproducthelpTest" classname="com.zoho.qa.testcases.SupportPageTest" time="10.909"/>
  <testcase name="clickonsupportplanTest" classname="com.zoho.qa.testcases.SupportPageTest" time="10.998"/>
  <testcase name="clickonsupportserviceTest" classname="com.zoho.qa.testcases.SupportPageTest" time="11.977"/>
  <testcase name="clickonpopulararticalTest" classname="com.zoho.qa.testcases.SupportPageTest" time="12.034"/>
  <testcase name="clickoncontactusTest" classname="com.zoho.qa.testcases.SupportPageTest" time="10.82"/>
  <testcase name="clickonTestimonialsTest" classname="com.zoho.qa.testcases.SupportPageTest" time="15.087"/>
  <testcase name="clickonknowlagebasesTest" classname="com.zoho.qa.testcases.SupportPageTest" time="12.86"/>
  <testcase name="clickoncommunityTest" classname="com.zoho.qa.testcases.SupportPageTest" time="14.401"/>
  <testcase name="validatecreatesubmitrequestTest" classname="com.zoho.qa.testcases.SupportPageTest" time="0">
    <skipped message="no such element: Unable to locate element: {&quot;method&quot;:&quot;xpath&quot;,&quot;selector&quot;:&quot;//input[@id=&apos;contactId&apos;]&quot;}&#10;  (Session info: chrome=104.0.5112.102)&#10;For documentation on this error, please visit: https://selenium.dev/exceptions/#no_such_element&#10;Build info: version: &apos;4.2.2&apos;, revision: &apos;683ccb65d6&apos;&#10;System info: host: &apos;BCV-DT-028&apos;, ip: &apos;192.168.1.38&apos;, os.name: &apos;Windows 10&apos;, os.arch: &apos;amd64&apos;, os.version: &apos;10.0&apos;, java.version: &apos;11.0.14&apos;&#10;Driver info: org.openqa.selenium.chrome.ChromeDriver&#10;Command: [e92840abb8918a734748fbbdec936893, findElement {using=xpath, value=//input[@id=&apos;contactId&apos;]}]&#10;Capabilities {acceptInsecureCerts: false, browserName: chrome, browserVersion: 104.0.5112.102, chrome: {chromedriverVersion: 104.0.5112.79 (3cf3e8c8a07d..., userDataDir: C:\Users\YASHAN~1.SUD\AppDa...}, goog:chromeOptions: {debuggerAddress: localhost:57905}, networkConnectionEnabled: false, pageLoadStrategy: normal, platformName: WINDOWS, proxy: Proxy(), se:cdp: ws://localhost:57905/devtoo..., se:cdpVersion: 104.0.5112.102, setWindowRect: true, strictFileInteractability: false, timeouts: {implicit: 0, pageLoad: 300000, script: 30000}, unhandledPromptBehavior: dismiss and notify, webauthn:extension:credBlob: true, webauthn:extension:largeBlob: true, webauthn:virtualAuthenticators: true}&#10;Session ID: e92840abb8918a734748fbbdec936893"/>
    <system-out><![CDATA[sam
CREATOR
Zoho Meeting
Japan
ntvalidate
abc@gmail.com
Investment
alex
CREATOR
Zoho Meeting
Japan
ntapplicable
admin@gmail.com
buisness
cris
CREATOR
Zoho Meeting
Japan
ntcorrect
dummy@gmail.com
Meeting
[CDwindow-4FA017432B2C17F52F83AE69D6CC499C, CDwindow-566400782EA1069C4F68A8C2B3D6A236]
CDwindow-4FA017432B2C17F52F83AE69D6CC499C
CDwindow-566400782EA1069C4F68A8C2B3D6A236
]]></system-out>
    <system-err><![CDATA[Starting ChromeDriver 104.0.5112.79 (3cf3e8c8a07d104b9e1260c910efb8f383285dc5-refs/branch-heads/5112@{#1307}) on port 64776
Only local connections are allowed.
Please see https://chromedriver.chromium.org/security-considerations for suggestions on keeping ChromeDriver safe.
ChromeDriver was started successfully.
Aug 30, 2022 3:37:30 PM org.openqa.selenium.remote.ProtocolHandshake createSession
INFO: Detected upstream dialect: W3C
Aug 30, 2022 3:37:30 PM org.openqa.selenium.devtools.CdpVersionFinder findNearestMatch
WARNING: Unable to find an exact match for CDP version 104, so returning the closest version found: 102
Aug 30, 2022 3:37:30 PM org.openqa.selenium.devtools.CdpVersionFinder findNearestMatch
INFO: Found CDP implementation for version 104 of 102
]]></system-err>
  </testcase>
  <testcase name="validatecreatesubmitrequestTest" classname="com.zoho.qa.testcases.SupportPageTest" time="0">
    <skipped message="no such element: Unable to locate element: {&quot;method&quot;:&quot;xpath&quot;,&quot;selector&quot;:&quot;//input[@id=&apos;contactId&apos;]&quot;}&#10;  (Session info: chrome=104.0.5112.102)&#10;For documentation on this error, please visit: https://selenium.dev/exceptions/#no_such_element&#10;Build info: version: &apos;4.2.2&apos;, revision: &apos;683ccb65d6&apos;&#10;System info: host: &apos;BCV-DT-028&apos;, ip: &apos;192.168.1.38&apos;, os.name: &apos;Windows 10&apos;, os.arch: &apos;amd64&apos;, os.version: &apos;10.0&apos;, java.version: &apos;11.0.14&apos;&#10;Driver info: org.openqa.selenium.chrome.ChromeDriver&#10;Command: [c62bb6c2bcd360cb71e8daa1cb0cdc0d, findElement {using=xpath, value=//input[@id=&apos;contactId&apos;]}]&#10;Capabilities {acceptInsecureCerts: false, browserName: chrome, browserVersion: 104.0.5112.102, chrome: {chromedriverVersion: 104.0.5112.79 (3cf3e8c8a07d..., userDataDir: C:\Users\YASHAN~1.SUD\AppDa...}, goog:chromeOptions: {debuggerAddress: localhost:57973}, networkConnectionEnabled: false, pageLoadStrategy: normal, platformName: WINDOWS, proxy: Proxy(), se:cdp: ws://localhost:57973/devtoo..., se:cdpVersion: 104.0.5112.102, setWindowRect: true, strictFileInteractability: false, timeouts: {implicit: 0, pageLoad: 300000, script: 30000}, unhandledPromptBehavior: dismiss and notify, webauthn:extension:credBlob: true, webauthn:extension:largeBlob: true, webauthn:virtualAuthenticators: true}&#10;Session ID: c62bb6c2bcd360cb71e8daa1cb0cdc0d"/>
    <system-out><![CDATA[sam
CREATOR
Zoho Meeting
Japan
ntvalidate
abc@gmail.com
Investment
alex
CREATOR
Zoho Meeting
Japan
ntapplicable
admin@gmail.com
buisness
cris
CREATOR
Zoho Meeting
Japan
ntcorrect
dummy@gmail.com
Meeting
[CDwindow-EF18834F6781C6EE610BC6DC8BC125E8, CDwindow-A0BEB3A3A6600F3F9F20055699163D7A]
CDwindow-EF18834F6781C6EE610BC6DC8BC125E8
CDwindow-A0BEB3A3A6600F3F9F20055699163D7A
]]></system-out>
    <system-err><![CDATA[Starting ChromeDriver 104.0.5112.79 (3cf3e8c8a07d104b9e1260c910efb8f383285dc5-refs/branch-heads/5112@{#1307}) on port 58152
Only local connections are allowed.
Please see https://chromedriver.chromium.org/security-considerations for suggestions on keeping ChromeDriver safe.
ChromeDriver was started successfully.
Aug 30, 2022 3:37:55 PM org.openqa.selenium.remote.ProtocolHandshake createSession
INFO: Detected upstream dialect: W3C
Aug 30, 2022 3:37:55 PM org.openqa.selenium.devtools.CdpVersionFinder findNearestMatch
WARNING: Unable to find an exact match for CDP version 104, so returning the closest version found: 102
Aug 30, 2022 3:37:55 PM org.openqa.selenium.devtools.CdpVersionFinder findNearestMatch
INFO: Found CDP implementation for version 104 of 102
]]></system-err>
  </testcase>
  <testcase name="validatecreatesubmitrequestTest" classname="com.zoho.qa.testcases.SupportPageTest" time="0">
    <skipped message="no such element: Unable to locate element: {&quot;method&quot;:&quot;xpath&quot;,&quot;selector&quot;:&quot;//input[@id=&apos;contactId&apos;]&quot;}&#10;  (Session info: chrome=104.0.5112.102)&#10;For documentation on this error, please visit: https://selenium.dev/exceptions/#no_such_element&#10;Build info: version: &apos;4.2.2&apos;, revision: &apos;683ccb65d6&apos;&#10;System info: host: &apos;BCV-DT-028&apos;, ip: &apos;192.168.1.38&apos;, os.name: &apos;Windows 10&apos;, os.arch: &apos;amd64&apos;, os.version: &apos;10.0&apos;, java.version: &apos;11.0.14&apos;&#10;Driver info: org.openqa.selenium.chrome.ChromeDriver&#10;Command: [354721a281dccbae07707e0d7e934fd7, findElement {using=xpath, value=//input[@id=&apos;contactId&apos;]}]&#10;Capabilities {acceptInsecureCerts: false, browserName: chrome, browserVersion: 104.0.5112.102, chrome: {chromedriverVersion: 104.0.5112.79 (3cf3e8c8a07d..., userDataDir: C:\Users\YASHAN~1.SUD\AppDa...}, goog:chromeOptions: {debuggerAddress: localhost:58041}, networkConnectionEnabled: false, pageLoadStrategy: normal, platformName: WINDOWS, proxy: Proxy(), se:cdp: ws://localhost:58041/devtoo..., se:cdpVersion: 104.0.5112.102, setWindowRect: true, strictFileInteractability: false, timeouts: {implicit: 0, pageLoad: 300000, script: 30000}, unhandledPromptBehavior: dismiss and notify, webauthn:extension:credBlob: true, webauthn:extension:largeBlob: true, webauthn:virtualAuthenticators: true}&#10;Session ID: 354721a281dccbae07707e0d7e934fd7"/>
    <system-out><![CDATA[sam
CREATOR
Zoho Meeting
Japan
ntvalidate
abc@gmail.com
Investment
alex
CREATOR
Zoho Meeting
Japan
ntapplicable
admin@gmail.com
buisness
cris
CREATOR
Zoho Meeting
Japan
ntcorrect
dummy@gmail.com
Meeting
[CDwindow-FC53DA288A8AA00D9901AB4D919B824D, CDwindow-1136CF730243148B57B07CD0CF4F1849]
CDwindow-FC53DA288A8AA00D9901AB4D919B824D
CDwindow-1136CF730243148B57B07CD0CF4F1849
]]></system-out>
    <system-err><![CDATA[Starting ChromeDriver 104.0.5112.79 (3cf3e8c8a07d104b9e1260c910efb8f383285dc5-refs/branch-heads/5112@{#1307}) on port 59902
Only local connections are allowed.
Please see https://chromedriver.chromium.org/security-considerations for suggestions on keeping ChromeDriver safe.
ChromeDriver was started successfully.
Aug 30, 2022 3:38:32 PM org.openqa.selenium.remote.ProtocolHandshake createSession
INFO: Detected upstream dialect: W3C
Aug 30, 2022 3:38:32 PM org.openqa.selenium.devtools.CdpVersionFinder findNearestMatch
WARNING: Unable to find an exact match for CDP version 104, so returning the closest version found: 102
Aug 30, 2022 3:38:32 PM org.openqa.selenium.devtools.CdpVersionFinder findNearestMatch
INFO: Found CDP implementation for version 104 of 102
]]></system-err>
  </testcase>
  <testcase name="validatecreatesubmitrequestTest" classname="com.zoho.qa.testcases.SupportPageTest" time="27.021">
    <failure message="no such element: Unable to locate element: {&quot;method&quot;:&quot;xpath&quot;,&quot;selector&quot;:&quot;//input[@id=&apos;contactId&apos;]&quot;}&#10;  (Session info: chrome=104.0.5112.102)&#10;For documentation on this error, please visit: https://selenium.dev/exceptions/#no_such_element&#10;Build info: version: &apos;4.2.2&apos;, revision: &apos;683ccb65d6&apos;&#10;System info: host: &apos;BCV-DT-028&apos;, ip: &apos;192.168.1.38&apos;, os.name: &apos;Windows 10&apos;, os.arch: &apos;amd64&apos;, os.version: &apos;10.0&apos;, java.version: &apos;11.0.14&apos;&#10;Driver info: org.openqa.selenium.chrome.ChromeDriver&#10;Command: [dc1de0edae9845abe2509a0169106fb6, findElement {using=xpath, value=//input[@id=&apos;contactId&apos;]}]&#10;Capabilities {acceptInsecureCerts: false, browserName: chrome, browserVersion: 104.0.5112.102, chrome: {chromedriverVersion: 104.0.5112.79 (3cf3e8c8a07d..., userDataDir: C:\Users\YASHAN~1.SUD\AppDa...}, goog:chromeOptions: {debuggerAddress: localhost:58110}, networkConnectionEnabled: false, pageLoadStrategy: normal, platformName: WINDOWS, proxy: Proxy(), se:cdp: ws://localhost:58110/devtoo..., se:cdpVersion: 104.0.5112.102, setWindowRect: true, strictFileInteractability: false, timeouts: {implicit: 0, pageLoad: 300000, script: 30000}, unhandledPromptBehavior: dismiss and notify, webauthn:extension:credBlob: true, webauthn:extension:largeBlob: true, webauthn:virtualAuthenticators: true}&#10;Session ID: dc1de0edae9845abe2509a0169106fb6" type="org.openqa.selenium.NoSuchElementException">org.openqa.selenium.NoSuchElementException: 
no such element: Unable to locate element: {"method":"xpath","selector":"//input[@id='contactId']"}
  (Session info: chrome=104.0.5112.102)
For documentation on this error, please visit: https://selenium.dev/exceptions/#no_such_element
Build info: version: '4.2.2', revision: '683ccb65d6'
System info: host: 'BCV-DT-028', ip: '192.168.1.38', os.name: 'Windows 10', os.arch: 'amd64', os.version: '10.0', java.version: '11.0.14'
Driver info: org.openqa.selenium.chrome.ChromeDriver
Command: [dc1de0edae9845abe2509a0169106fb6, findElement {using=xpath, value=//input[@id='contactId']}]
Capabilities {acceptInsecureCerts: false, browserName: chrome, browserVersion: 104.0.5112.102, chrome: {chromedriverVersion: 104.0.5112.79 (3cf3e8c8a07d..., userDataDir: C:\Users\YASHAN~1.SUD\AppDa...}, goog:chromeOptions: {debuggerAddress: localhost:58110}, networkConnectionEnabled: false, pageLoadStrategy: normal, platformName: WINDOWS, proxy: Proxy(), se:cdp: ws://localhost:58110/devtoo..., se:cdpVersion: 104.0.5112.102, setWindowRect: true, strictFileInteractability: false, timeouts: {implicit: 0, pageLoad: 300000, script: 30000}, unhandledPromptBehavior: dismiss and notify, webauthn:extension:credBlob: true, webauthn:extension:largeBlob: true, webauthn:virtualAuthenticators: true}
Session ID: dc1de0edae9845abe2509a0169106fb6
	at com.zoho.qa.testcases.SupportPageTest.validatecreatesubmitrequestTest(SupportPageTest.java:108)
</failure>
    <system-out><![CDATA[sam
CREATOR
Zoho Meeting
Japan
ntvalidate
abc@gmail.com
Investment
alex
CREATOR
Zoho Meeting
Japan
ntapplicable
admin@gmail.com
buisness
cris
CREATOR
Zoho Meeting
Japan
ntcorrect
dummy@gmail.com
Meeting
[CDwindow-D3988DA3C7A8C2E61A9C55D32A6A9AD2, CDwindow-5D0AF7F2DEA727B45C24B1C05452DDC4]
CDwindow-D3988DA3C7A8C2E61A9C55D32A6A9AD2
CDwindow-5D0AF7F2DEA727B45C24B1C05452DDC4
]]></system-out>
    <system-err><![CDATA[Starting ChromeDriver 104.0.5112.79 (3cf3e8c8a07d104b9e1260c910efb8f383285dc5-refs/branch-heads/5112@{#1307}) on port 53658
Only local connections are allowed.
Please see https://chromedriver.chromium.org/security-considerations for suggestions on keeping ChromeDriver safe.
ChromeDriver was started successfully.
Aug 30, 2022 3:39:07 PM org.openqa.selenium.remote.ProtocolHandshake createSession
INFO: Detected upstream dialect: W3C
Aug 30, 2022 3:39:07 PM org.openqa.selenium.devtools.CdpVersionFinder findNearestMatch
WARNING: Unable to find an exact match for CDP version 104, so returning the closest version found: 102
Aug 30, 2022 3:39:07 PM org.openqa.selenium.devtools.CdpVersionFinder findNearestMatch
INFO: Found CDP implementation for version 104 of 102
]]></system-err>
  </testcase>
  <testcase name="validatecreatesubmitrequestTest" classname="com.zoho.qa.testcases.SupportPageTest" time="0">
    <skipped message="no such element: Unable to locate element: {&quot;method&quot;:&quot;xpath&quot;,&quot;selector&quot;:&quot;//input[@id=&apos;contactId&apos;]&quot;}&#10;  (Session info: chrome=104.0.5112.102)&#10;For documentation on this error, please visit: https://selenium.dev/exceptions/#no_such_element&#10;Build info: version: &apos;4.2.2&apos;, revision: &apos;683ccb65d6&apos;&#10;System info: host: &apos;BCV-DT-028&apos;, ip: &apos;192.168.1.38&apos;, os.name: &apos;Windows 10&apos;, os.arch: &apos;amd64&apos;, os.version: &apos;10.0&apos;, java.version: &apos;11.0.14&apos;&#10;Driver info: org.openqa.selenium.chrome.ChromeDriver&#10;Command: [56b0a9c27b776f39c28e4f3ace0d9d84, findElement {using=xpath, value=//input[@id=&apos;contactId&apos;]}]&#10;Capabilities {acceptInsecureCerts: false, browserName: chrome, browserVersion: 104.0.5112.102, chrome: {chromedriverVersion: 104.0.5112.79 (3cf3e8c8a07d..., userDataDir: C:\Users\YASHAN~1.SUD\AppDa...}, goog:chromeOptions: {debuggerAddress: localhost:58179}, networkConnectionEnabled: false, pageLoadStrategy: normal, platformName: WINDOWS, proxy: Proxy(), se:cdp: ws://localhost:58179/devtoo..., se:cdpVersion: 104.0.5112.102, setWindowRect: true, strictFileInteractability: false, timeouts: {implicit: 0, pageLoad: 300000, script: 30000}, unhandledPromptBehavior: dismiss and notify, webauthn:extension:credBlob: true, webauthn:extension:largeBlob: true, webauthn:virtualAuthenticators: true}&#10;Session ID: 56b0a9c27b776f39c28e4f3ace0d9d84"/>
    <system-out><![CDATA[[CDwindow-91D9E3C4A3687CFB3EF5178D4A526F8B, CDwindow-DCD67E6D638435B5490F8E269352440C]
CDwindow-91D9E3C4A3687CFB3EF5178D4A526F8B
CDwindow-DCD67E6D638435B5490F8E269352440C
]]></system-out>
    <system-err><![CDATA[Starting ChromeDriver 104.0.5112.79 (3cf3e8c8a07d104b9e1260c910efb8f383285dc5-refs/branch-heads/5112@{#1307}) on port 54802
Only local connections are allowed.
Please see https://chromedriver.chromium.org/security-considerations for suggestions on keeping ChromeDriver safe.
ChromeDriver was started successfully.
Aug 30, 2022 3:39:40 PM org.openqa.selenium.remote.ProtocolHandshake createSession
INFO: Detected upstream dialect: W3C
Aug 30, 2022 3:39:40 PM org.openqa.selenium.devtools.CdpVersionFinder findNearestMatch
WARNING: Unable to find an exact match for CDP version 104, so returning the closest version found: 102
Aug 30, 2022 3:39:40 PM org.openqa.selenium.devtools.CdpVersionFinder findNearestMatch
INFO: Found CDP implementation for version 104 of 102
]]></system-err>
  </testcase>
  <testcase name="validatecreatesubmitrequestTest" classname="com.zoho.qa.testcases.SupportPageTest" time="0">
    <skipped message="no such element: Unable to locate element: {&quot;method&quot;:&quot;xpath&quot;,&quot;selector&quot;:&quot;//input[@id=&apos;contactId&apos;]&quot;}&#10;  (Session info: chrome=104.0.5112.102)&#10;For documentation on this error, please visit: https://selenium.dev/exceptions/#no_such_element&#10;Build info: version: &apos;4.2.2&apos;, revision: &apos;683ccb65d6&apos;&#10;System info: host: &apos;BCV-DT-028&apos;, ip: &apos;192.168.1.38&apos;, os.name: &apos;Windows 10&apos;, os.arch: &apos;amd64&apos;, os.version: &apos;10.0&apos;, java.version: &apos;11.0.14&apos;&#10;Driver info: org.openqa.selenium.chrome.ChromeDriver&#10;Command: [27de1acb3534e6580740fa8db4e3f0eb, findElement {using=xpath, value=//input[@id=&apos;contactId&apos;]}]&#10;Capabilities {acceptInsecureCerts: false, browserName: chrome, browserVersion: 104.0.5112.102, chrome: {chromedriverVersion: 104.0.5112.79 (3cf3e8c8a07d..., userDataDir: C:\Users\YASHAN~1.SUD\AppDa...}, goog:chromeOptions: {debuggerAddress: localhost:58251}, networkConnectionEnabled: false, pageLoadStrategy: normal, platformName: WINDOWS, proxy: Proxy(), se:cdp: ws://localhost:58251/devtoo..., se:cdpVersion: 104.0.5112.102, setWindowRect: true, strictFileInteractability: false, timeouts: {implicit: 0, pageLoad: 300000, script: 30000}, unhandledPromptBehavior: dismiss and notify, webauthn:extension:credBlob: true, webauthn:extension:largeBlob: true, webauthn:virtualAuthenticators: true}&#10;Session ID: 27de1acb3534e6580740fa8db4e3f0eb"/>
    <system-out><![CDATA[sam
CREATOR
Zoho Meeting
Japan
ntvalidate
abc@gmail.com
Investment
alex
CREATOR
Zoho Meeting
Japan
ntapplicable
admin@gmail.com
buisness
cris
CREATOR
Zoho Meeting
Japan
ntcorrect
dummy@gmail.com
Meeting
[CDwindow-6E15F20A6455A202401012EB3A72D147, CDwindow-38DA4136029887F526D1CC9D56C24024]
CDwindow-6E15F20A6455A202401012EB3A72D147
CDwindow-38DA4136029887F526D1CC9D56C24024
]]></system-out>
    <system-err><![CDATA[Starting ChromeDriver 104.0.5112.79 (3cf3e8c8a07d104b9e1260c910efb8f383285dc5-refs/branch-heads/5112@{#1307}) on port 54295
Only local connections are allowed.
Please see https://chromedriver.chromium.org/security-considerations for suggestions on keeping ChromeDriver safe.
ChromeDriver was started successfully.
Aug 30, 2022 3:40:16 PM org.openqa.selenium.remote.ProtocolHandshake createSession
INFO: Detected upstream dialect: W3C
Aug 30, 2022 3:40:16 PM org.openqa.selenium.devtools.CdpVersionFinder findNearestMatch
WARNING: Unable to find an exact match for CDP version 104, so returning the closest version found: 102
Aug 30, 2022 3:40:16 PM org.openqa.selenium.devtools.CdpVersionFinder findNearestMatch
INFO: Found CDP implementation for version 104 of 102
]]></system-err>
  </testcase>
  <testcase name="validatecreatesubmitrequestTest" classname="com.zoho.qa.testcases.SupportPageTest" time="0">
    <skipped message="no such element: Unable to locate element: {&quot;method&quot;:&quot;xpath&quot;,&quot;selector&quot;:&quot;//input[@id=&apos;contactId&apos;]&quot;}&#10;  (Session info: chrome=104.0.5112.102)&#10;For documentation on this error, please visit: https://selenium.dev/exceptions/#no_such_element&#10;Build info: version: &apos;4.2.2&apos;, revision: &apos;683ccb65d6&apos;&#10;System info: host: &apos;BCV-DT-028&apos;, ip: &apos;192.168.1.38&apos;, os.name: &apos;Windows 10&apos;, os.arch: &apos;amd64&apos;, os.version: &apos;10.0&apos;, java.version: &apos;11.0.14&apos;&#10;Driver info: org.openqa.selenium.chrome.ChromeDriver&#10;Command: [b6576922a10f2627181ec88ccd73b62e, findElement {using=xpath, value=//input[@id=&apos;contactId&apos;]}]&#10;Capabilities {acceptInsecureCerts: false, browserName: chrome, browserVersion: 104.0.5112.102, chrome: {chromedriverVersion: 104.0.5112.79 (3cf3e8c8a07d..., userDataDir: C:\Users\YASHAN~1.SUD\AppDa...}, goog:chromeOptions: {debuggerAddress: localhost:58320}, networkConnectionEnabled: false, pageLoadStrategy: normal, platformName: WINDOWS, proxy: Proxy(), se:cdp: ws://localhost:58320/devtoo..., se:cdpVersion: 104.0.5112.102, setWindowRect: true, strictFileInteractability: false, timeouts: {implicit: 0, pageLoad: 300000, script: 30000}, unhandledPromptBehavior: dismiss and notify, webauthn:extension:credBlob: true, webauthn:extension:largeBlob: true, webauthn:virtualAuthenticators: true}&#10;Session ID: b6576922a10f2627181ec88ccd73b62e"/>
    <system-out><![CDATA[sam
CREATOR
Zoho Meeting
Japan
ntvalidate
abc@gmail.com
Investment
alex
CREATOR
Zoho Meeting
Japan
ntapplicable
admin@gmail.com
buisness
cris
CREATOR
Zoho Meeting
Japan
ntcorrect
dummy@gmail.com
Meeting
[CDwindow-9B932D19A1BF9DBF28ED5C3382C412DB, CDwindow-D9898A22E84FA512CF2172DAD137366F]
CDwindow-9B932D19A1BF9DBF28ED5C3382C412DB
CDwindow-D9898A22E84FA512CF2172DAD137366F
]]></system-out>
    <system-err><![CDATA[Starting ChromeDriver 104.0.5112.79 (3cf3e8c8a07d104b9e1260c910efb8f383285dc5-refs/branch-heads/5112@{#1307}) on port 62076
Only local connections are allowed.
Please see https://chromedriver.chromium.org/security-considerations for suggestions on keeping ChromeDriver safe.
ChromeDriver was started successfully.
Aug 30, 2022 3:40:40 PM org.openqa.selenium.remote.ProtocolHandshake createSession
INFO: Detected upstream dialect: W3C
Aug 30, 2022 3:40:40 PM org.openqa.selenium.devtools.CdpVersionFinder findNearestMatch
WARNING: Unable to find an exact match for CDP version 104, so returning the closest version found: 102
Aug 30, 2022 3:40:40 PM org.openqa.selenium.devtools.CdpVersionFinder findNearestMatch
INFO: Found CDP implementation for version 104 of 102
]]></system-err>
  </testcase>
  <testcase name="validatecreatesubmitrequestTest" classname="com.zoho.qa.testcases.SupportPageTest" time="32.789">
    <failure message="no such element: Unable to locate element: {&quot;method&quot;:&quot;xpath&quot;,&quot;selector&quot;:&quot;//input[@id=&apos;contactId&apos;]&quot;}&#10;  (Session info: chrome=104.0.5112.102)&#10;For documentation on this error, please visit: https://selenium.dev/exceptions/#no_such_element&#10;Build info: version: &apos;4.2.2&apos;, revision: &apos;683ccb65d6&apos;&#10;System info: host: &apos;BCV-DT-028&apos;, ip: &apos;192.168.1.38&apos;, os.name: &apos;Windows 10&apos;, os.arch: &apos;amd64&apos;, os.version: &apos;10.0&apos;, java.version: &apos;11.0.14&apos;&#10;Driver info: org.openqa.selenium.chrome.ChromeDriver&#10;Command: [a9725743452104e5a4338cf49e8a5e72, findElement {using=xpath, value=//input[@id=&apos;contactId&apos;]}]&#10;Capabilities {acceptInsecureCerts: false, browserName: chrome, browserVersion: 104.0.5112.102, chrome: {chromedriverVersion: 104.0.5112.79 (3cf3e8c8a07d..., userDataDir: C:\Users\YASHAN~1.SUD\AppDa...}, goog:chromeOptions: {debuggerAddress: localhost:58388}, networkConnectionEnabled: false, pageLoadStrategy: normal, platformName: WINDOWS, proxy: Proxy(), se:cdp: ws://localhost:58388/devtoo..., se:cdpVersion: 104.0.5112.102, setWindowRect: true, strictFileInteractability: false, timeouts: {implicit: 0, pageLoad: 300000, script: 30000}, unhandledPromptBehavior: dismiss and notify, webauthn:extension:credBlob: true, webauthn:extension:largeBlob: true, webauthn:virtualAuthenticators: true}&#10;Session ID: a9725743452104e5a4338cf49e8a5e72" type="org.openqa.selenium.NoSuchElementException">org.openqa.selenium.NoSuchElementException: 
no such element: Unable to locate element: {"method":"xpath","selector":"//input[@id='contactId']"}
  (Session info: chrome=104.0.5112.102)
For documentation on this error, please visit: https://selenium.dev/exceptions/#no_such_element
Build info: version: '4.2.2', revision: '683ccb65d6'
System info: host: 'BCV-DT-028', ip: '192.168.1.38', os.name: 'Windows 10', os.arch: 'amd64', os.version: '10.0', java.version: '11.0.14'
Driver info: org.openqa.selenium.chrome.ChromeDriver
Command: [a9725743452104e5a4338cf49e8a5e72, findElement {using=xpath, value=//input[@id='contactId']}]
Capabilities {acceptInsecureCerts: false, browserName: chrome, browserVersion: 104.0.5112.102, chrome: {chromedriverVersion: 104.0.5112.79 (3cf3e8c8a07d..., userDataDir: C:\Users\YASHAN~1.SUD\AppDa...}, goog:chromeOptions: {debuggerAddress: localhost:58388}, networkConnectionEnabled: false, pageLoadStrategy: normal, platformName: WINDOWS, proxy: Proxy(), se:cdp: ws://localhost:58388/devtoo..., se:cdpVersion: 104.0.5112.102, setWindowRect: true, strictFileInteractability: false, timeouts: {implicit: 0, pageLoad: 300000, script: 30000}, unhandledPromptBehavior: dismiss and notify, webauthn:extension:credBlob: true, webauthn:extension:largeBlob: true, webauthn:virtualAuthenticators: true}
Session ID: a9725743452104e5a4338cf49e8a5e72
	at com.zoho.qa.testcases.SupportPageTest.validatecreatesubmitrequestTest(SupportPageTest.java:108)
</failure>
    <system-out><![CDATA[sam
CREATOR
Zoho Meeting
Japan
ntvalidate
abc@gmail.com
Investment
alex
CREATOR
Zoho Meeting
Japan
ntapplicable
admin@gmail.com
buisness
cris
CREATOR
Zoho Meeting
Japan
ntcorrect
dummy@gmail.com
Meeting
[CDwindow-121843189166B6033BC022F7BA043276, CDwindow-7487F4DD56AF5C0FDB261BF83CE3B95C]
CDwindow-121843189166B6033BC022F7BA043276
CDwindow-7487F4DD56AF5C0FDB261BF83CE3B95C
]]></system-out>
    <system-err><![CDATA[Starting ChromeDriver 104.0.5112.79 (3cf3e8c8a07d104b9e1260c910efb8f383285dc5-refs/branch-heads/5112@{#1307}) on port 56348
Only local connections are allowed.
Please see https://chromedriver.chromium.org/security-considerations for suggestions on keeping ChromeDriver safe.
ChromeDriver was started successfully.
Aug 30, 2022 3:41:04 PM org.openqa.selenium.remote.ProtocolHandshake createSession
INFO: Detected upstream dialect: W3C
Aug 30, 2022 3:41:04 PM org.openqa.selenium.devtools.CdpVersionFinder findNearestMatch
WARNING: Unable to find an exact match for CDP version 104, so returning the closest version found: 102
Aug 30, 2022 3:41:04 PM org.openqa.selenium.devtools.CdpVersionFinder findNearestMatch
INFO: Found CDP implementation for version 104 of 102
]]></system-err>
  </testcase>
  <testcase name="validatecreatesubmitrequestTest" classname="com.zoho.qa.testcases.SupportPageTest" time="0">
    <skipped message="no such element: Unable to locate element: {&quot;method&quot;:&quot;xpath&quot;,&quot;selector&quot;:&quot;//input[@id=&apos;contactId&apos;]&quot;}&#10;  (Session info: chrome=104.0.5112.102)&#10;For documentation on this error, please visit: https://selenium.dev/exceptions/#no_such_element&#10;Build info: version: &apos;4.2.2&apos;, revision: &apos;683ccb65d6&apos;&#10;System info: host: &apos;BCV-DT-028&apos;, ip: &apos;192.168.1.38&apos;, os.name: &apos;Windows 10&apos;, os.arch: &apos;amd64&apos;, os.version: &apos;10.0&apos;, java.version: &apos;11.0.14&apos;&#10;Driver info: org.openqa.selenium.chrome.ChromeDriver&#10;Command: [7d14822edf1564f67c302d7795eecc22, findElement {using=xpath, value=//input[@id=&apos;contactId&apos;]}]&#10;Capabilities {acceptInsecureCerts: false, browserName: chrome, browserVersion: 104.0.5112.102, chrome: {chromedriverVersion: 104.0.5112.79 (3cf3e8c8a07d..., userDataDir: C:\Users\YASHAN~1.SUD\AppDa...}, goog:chromeOptions: {debuggerAddress: localhost:58458}, networkConnectionEnabled: false, pageLoadStrategy: normal, platformName: WINDOWS, proxy: Proxy(), se:cdp: ws://localhost:58458/devtoo..., se:cdpVersion: 104.0.5112.102, setWindowRect: true, strictFileInteractability: false, timeouts: {implicit: 0, pageLoad: 300000, script: 30000}, unhandledPromptBehavior: dismiss and notify, webauthn:extension:credBlob: true, webauthn:extension:largeBlob: true, webauthn:virtualAuthenticators: true}&#10;Session ID: 7d14822edf1564f67c302d7795eecc22"/>
    <system-out><![CDATA[[CDwindow-6FE10770D2C79A2906A1E43AA612F2FC, CDwindow-407AB57CF1C6F95331DD344845366A35]
CDwindow-6FE10770D2C79A2906A1E43AA612F2FC
CDwindow-407AB57CF1C6F95331DD344845366A35
]]></system-out>
    <system-err><![CDATA[Starting ChromeDriver 104.0.5112.79 (3cf3e8c8a07d104b9e1260c910efb8f383285dc5-refs/branch-heads/5112@{#1307}) on port 63633
Only local connections are allowed.
Please see https://chromedriver.chromium.org/security-considerations for suggestions on keeping ChromeDriver safe.
ChromeDriver was started successfully.
Aug 30, 2022 3:41:42 PM org.openqa.selenium.remote.ProtocolHandshake createSession
INFO: Detected upstream dialect: W3C
Aug 30, 2022 3:41:42 PM org.openqa.selenium.devtools.CdpVersionFinder findNearestMatch
WARNING: Unable to find an exact match for CDP version 104, so returning the closest version found: 102
Aug 30, 2022 3:41:42 PM org.openqa.selenium.devtools.CdpVersionFinder findNearestMatch
INFO: Found CDP implementation for version 104 of 102
]]></system-err>
  </testcase>
  <testcase name="validatecreatesubmitrequestTest" classname="com.zoho.qa.testcases.SupportPageTest" time="0">
    <skipped message="no such element: Unable to locate element: {&quot;method&quot;:&quot;xpath&quot;,&quot;selector&quot;:&quot;//input[@id=&apos;contactId&apos;]&quot;}&#10;  (Session info: chrome=104.0.5112.102)&#10;For documentation on this error, please visit: https://selenium.dev/exceptions/#no_such_element&#10;Build info: version: &apos;4.2.2&apos;, revision: &apos;683ccb65d6&apos;&#10;System info: host: &apos;BCV-DT-028&apos;, ip: &apos;192.168.1.38&apos;, os.name: &apos;Windows 10&apos;, os.arch: &apos;amd64&apos;, os.version: &apos;10.0&apos;, java.version: &apos;11.0.14&apos;&#10;Driver info: org.openqa.selenium.chrome.ChromeDriver&#10;Command: [aa3dbbd96de8cd3e363271a479f641dc, findElement {using=xpath, value=//input[@id=&apos;contactId&apos;]}]&#10;Capabilities {acceptInsecureCerts: false, browserName: chrome, browserVersion: 104.0.5112.102, chrome: {chromedriverVersion: 104.0.5112.79 (3cf3e8c8a07d..., userDataDir: C:\Users\YASHAN~1.SUD\AppDa...}, goog:chromeOptions: {debuggerAddress: localhost:58528}, networkConnectionEnabled: false, pageLoadStrategy: normal, platformName: WINDOWS, proxy: Proxy(), se:cdp: ws://localhost:58528/devtoo..., se:cdpVersion: 104.0.5112.102, setWindowRect: true, strictFileInteractability: false, timeouts: {implicit: 0, pageLoad: 300000, script: 30000}, unhandledPromptBehavior: dismiss and notify, webauthn:extension:credBlob: true, webauthn:extension:largeBlob: true, webauthn:virtualAuthenticators: true}&#10;Session ID: aa3dbbd96de8cd3e363271a479f641dc"/>
    <system-out><![CDATA[sam
CREATOR
Zoho Meeting
Japan
ntvalidate
abc@gmail.com
Investment
alex
CREATOR
Zoho Meeting
Japan
ntapplicable
admin@gmail.com
buisness
cris
CREATOR
Zoho Meeting
Japan
ntcorrect
dummy@gmail.com
Meeting
[CDwindow-6BEF5A2489890FF9A969E6A1E62C718C, CDwindow-024A0908D24F8BFC33A7E751A82003DE]
CDwindow-6BEF5A2489890FF9A969E6A1E62C718C
CDwindow-024A0908D24F8BFC33A7E751A82003DE
]]></system-out>
    <system-err><![CDATA[Starting ChromeDriver 104.0.5112.79 (3cf3e8c8a07d104b9e1260c910efb8f383285dc5-refs/branch-heads/5112@{#1307}) on port 59962
Only local connections are allowed.
Please see https://chromedriver.chromium.org/security-considerations for suggestions on keeping ChromeDriver safe.
ChromeDriver was started successfully.
Aug 30, 2022 3:42:22 PM org.openqa.selenium.remote.ProtocolHandshake createSession
INFO: Detected upstream dialect: W3C
Aug 30, 2022 3:42:22 PM org.openqa.selenium.devtools.CdpVersionFinder findNearestMatch
WARNING: Unable to find an exact match for CDP version 104, so returning the closest version found: 102
Aug 30, 2022 3:42:22 PM org.openqa.selenium.devtools.CdpVersionFinder findNearestMatch
INFO: Found CDP implementation for version 104 of 102
]]></system-err>
  </testcase>
  <testcase name="validatecreatesubmitrequestTest" classname="com.zoho.qa.testcases.SupportPageTest" time="0">
    <skipped message="no such element: Unable to locate element: {&quot;method&quot;:&quot;xpath&quot;,&quot;selector&quot;:&quot;//input[@id=&apos;contactId&apos;]&quot;}&#10;  (Session info: chrome=104.0.5112.102)&#10;For documentation on this error, please visit: https://selenium.dev/exceptions/#no_such_element&#10;Build info: version: &apos;4.2.2&apos;, revision: &apos;683ccb65d6&apos;&#10;System info: host: &apos;BCV-DT-028&apos;, ip: &apos;192.168.1.38&apos;, os.name: &apos;Windows 10&apos;, os.arch: &apos;amd64&apos;, os.version: &apos;10.0&apos;, java.version: &apos;11.0.14&apos;&#10;Driver info: org.openqa.selenium.chrome.ChromeDriver&#10;Command: [4f5c361ed79323ec0532e2b2a295c3f4, findElement {using=xpath, value=//input[@id=&apos;contactId&apos;]}]&#10;Capabilities {acceptInsecureCerts: false, browserName: chrome, browserVersion: 104.0.5112.102, chrome: {chromedriverVersion: 104.0.5112.79 (3cf3e8c8a07d..., userDataDir: C:\Users\YASHAN~1.SUD\AppDa...}, goog:chromeOptions: {debuggerAddress: localhost:58596}, networkConnectionEnabled: false, pageLoadStrategy: normal, platformName: WINDOWS, proxy: Proxy(), se:cdp: ws://localhost:58596/devtoo..., se:cdpVersion: 104.0.5112.102, setWindowRect: true, strictFileInteractability: false, timeouts: {implicit: 0, pageLoad: 300000, script: 30000}, unhandledPromptBehavior: dismiss and notify, webauthn:extension:credBlob: true, webauthn:extension:largeBlob: true, webauthn:virtualAuthenticators: true}&#10;Session ID: 4f5c361ed79323ec0532e2b2a295c3f4"/>
    <system-out><![CDATA[sam
CREATOR
Zoho Meeting
Japan
ntvalidate
abc@gmail.com
Investment
alex
CREATOR
Zoho Meeting
Japan
ntapplicable
admin@gmail.com
buisness
cris
CREATOR
Zoho Meeting
Japan
ntcorrect
dummy@gmail.com
Meeting
[CDwindow-3792DD129847C4EFD5AC13CC6D341AC3, CDwindow-5EFAE405947390806A5BE9ED2BB95805]
CDwindow-3792DD129847C4EFD5AC13CC6D341AC3
CDwindow-5EFAE405947390806A5BE9ED2BB95805
]]></system-out>
    <system-err><![CDATA[Starting ChromeDriver 104.0.5112.79 (3cf3e8c8a07d104b9e1260c910efb8f383285dc5-refs/branch-heads/5112@{#1307}) on port 52375
Only local connections are allowed.
Please see https://chromedriver.chromium.org/security-considerations for suggestions on keeping ChromeDriver safe.
ChromeDriver was started successfully.
Aug 30, 2022 3:42:44 PM org.openqa.selenium.remote.ProtocolHandshake createSession
INFO: Detected upstream dialect: W3C
Aug 30, 2022 3:42:44 PM org.openqa.selenium.devtools.CdpVersionFinder findNearestMatch
WARNING: Unable to find an exact match for CDP version 104, so returning the closest version found: 102
Aug 30, 2022 3:42:44 PM org.openqa.selenium.devtools.CdpVersionFinder findNearestMatch
INFO: Found CDP implementation for version 104 of 102
]]></system-err>
  </testcase>
  <testcase name="validatecreatesubmitrequestTest" classname="com.zoho.qa.testcases.SupportPageTest" time="26.252">
    <failure message="no such element: Unable to locate element: {&quot;method&quot;:&quot;xpath&quot;,&quot;selector&quot;:&quot;//input[@id=&apos;contactId&apos;]&quot;}&#10;  (Session info: chrome=104.0.5112.102)&#10;For documentation on this error, please visit: https://selenium.dev/exceptions/#no_such_element&#10;Build info: version: &apos;4.2.2&apos;, revision: &apos;683ccb65d6&apos;&#10;System info: host: &apos;BCV-DT-028&apos;, ip: &apos;192.168.1.38&apos;, os.name: &apos;Windows 10&apos;, os.arch: &apos;amd64&apos;, os.version: &apos;10.0&apos;, java.version: &apos;11.0.14&apos;&#10;Driver info: org.openqa.selenium.chrome.ChromeDriver&#10;Command: [7e0ba9ad1248dffd4603aaf12cb47419, findElement {using=xpath, value=//input[@id=&apos;contactId&apos;]}]&#10;Capabilities {acceptInsecureCerts: false, browserName: chrome, browserVersion: 104.0.5112.102, chrome: {chromedriverVersion: 104.0.5112.79 (3cf3e8c8a07d..., userDataDir: C:\Users\YASHAN~1.SUD\AppDa...}, goog:chromeOptions: {debuggerAddress: localhost:58665}, networkConnectionEnabled: false, pageLoadStrategy: normal, platformName: WINDOWS, proxy: Proxy(), se:cdp: ws://localhost:58665/devtoo..., se:cdpVersion: 104.0.5112.102, setWindowRect: true, strictFileInteractability: false, timeouts: {implicit: 0, pageLoad: 300000, script: 30000}, unhandledPromptBehavior: dismiss and notify, webauthn:extension:credBlob: true, webauthn:extension:largeBlob: true, webauthn:virtualAuthenticators: true}&#10;Session ID: 7e0ba9ad1248dffd4603aaf12cb47419" type="org.openqa.selenium.NoSuchElementException">org.openqa.selenium.NoSuchElementException: 
no such element: Unable to locate element: {"method":"xpath","selector":"//input[@id='contactId']"}
  (Session info: chrome=104.0.5112.102)
For documentation on this error, please visit: https://selenium.dev/exceptions/#no_such_element
Build info: version: '4.2.2', revision: '683ccb65d6'
System info: host: 'BCV-DT-028', ip: '192.168.1.38', os.name: 'Windows 10', os.arch: 'amd64', os.version: '10.0', java.version: '11.0.14'
Driver info: org.openqa.selenium.chrome.ChromeDriver
Command: [7e0ba9ad1248dffd4603aaf12cb47419, findElement {using=xpath, value=//input[@id='contactId']}]
Capabilities {acceptInsecureCerts: false, browserName: chrome, browserVersion: 104.0.5112.102, chrome: {chromedriverVersion: 104.0.5112.79 (3cf3e8c8a07d..., userDataDir: C:\Users\YASHAN~1.SUD\AppDa...}, goog:chromeOptions: {debuggerAddress: localhost:58665}, networkConnectionEnabled: false, pageLoadStrategy: normal, platformName: WINDOWS, proxy: Proxy(), se:cdp: ws://localhost:58665/devtoo..., se:cdpVersion: 104.0.5112.102, setWindowRect: true, strictFileInteractability: false, timeouts: {implicit: 0, pageLoad: 300000, script: 30000}, unhandledPromptBehavior: dismiss and notify, webauthn:extension:credBlob: true, webauthn:extension:largeBlob: true, webauthn:virtualAuthenticators: true}
Session ID: 7e0ba9ad1248dffd4603aaf12cb47419
	at com.zoho.qa.testcases.SupportPageTest.validatecreatesubmitrequestTest(SupportPageTest.java:108)
</failure>
    <system-out><![CDATA[sam
CREATOR
Zoho Meeting
Japan
ntvalidate
abc@gmail.com
Investment
alex
CREATOR
Zoho Meeting
Japan
ntapplicable
admin@gmail.com
buisness
cris
CREATOR
Zoho Meeting
Japan
ntcorrect
dummy@gmail.com
Meeting
[CDwindow-31CF619572164FB27769D90EE65E6DE7, CDwindow-E51D325ECD366327F29220AD68E02E15]
CDwindow-31CF619572164FB27769D90EE65E6DE7
CDwindow-E51D325ECD366327F29220AD68E02E15
]]></system-out>
    <system-err><![CDATA[Starting ChromeDriver 104.0.5112.79 (3cf3e8c8a07d104b9e1260c910efb8f383285dc5-refs/branch-heads/5112@{#1307}) on port 53456
Only local connections are allowed.
Please see https://chromedriver.chromium.org/security-considerations for suggestions on keeping ChromeDriver safe.
ChromeDriver was started successfully.
Aug 30, 2022 3:43:04 PM org.openqa.selenium.remote.ProtocolHandshake createSession
INFO: Detected upstream dialect: W3C
Aug 30, 2022 3:43:04 PM org.openqa.selenium.devtools.CdpVersionFinder findNearestMatch
WARNING: Unable to find an exact match for CDP version 104, so returning the closest version found: 102
Aug 30, 2022 3:43:04 PM org.openqa.selenium.devtools.CdpVersionFinder findNearestMatch
INFO: Found CDP implementation for version 104 of 102
]]></system-err>
  </testcase>
</testsuite>